QuestaSim vlog 10.6c Compiler 2017.07 Jul 25 2017
Start time: 16:51:48 on Feb 02,2026
vlog -sv "+acc" "+cover" "+fcover" -l dma.log top.sv 
-- Compiling interface dma_intf
** Note: (vlog-2286) dma_pkg.sv(1): Using implicit +incdir+/tools/mentor/questasim_10.6c/questasim/uvm-1.1d/../verilog_src/uvm-1.1d/src from import uvm_pkg
-- Compiling package dma_pkg
-- Importing package mtiUvm.uvm_pkg (uvm-1.1d Built-in)
** Warning: ** while parsing file included at top.sv(2)
** at dma_sequence.sv(248): (vlog-2240) Treating stand-alone use of function 'predict' as an implicit VOID cast.
** Warning: ** while parsing file included at top.sv(2)
** at dma_sequence.sv(412): (vlog-2240) Treating stand-alone use of function 'predict' as an implicit VOID cast.
-- Compiling module dma_design
-- Compiling package top_sv_unit
-- Importing package mtiUvm.uvm_pkg (uvm-1.1d Built-in)
-- Importing package dma_pkg
-- Compiling module tb

Top level modules:
	tb
End time: 16:51:49 on Feb 02,2026, Elapsed time: 0:00:01
Errors: 0, Warnings: 2
